----------------------------------------------------------------------------------------------
| element          | number | electronegativity | AtomicMass  | ElectronicStructure  | group |
==============================================================================================
| ae:Sc            | "21"   | "1.36"            | "44.955914" | "[Ar].3d1.4s2"       | "3"   |
| ae:Scandium      | "21"   | "1.36"            | "44.955914" | "[Ar].3d1.4s2"       | "3"   |
| ae:Ti            | "22"   | "1.54"            | "47.867"    | "[Ar].3d2.4s2"       | "4"   |
| ae:Titanium      | "22"   | "1.54"            | "47.867"    | "[Ar].3d2.4s2"       | "4"   |
| ae:V             | "23"   | "1.63"            | "50.9415"   | "[Ar].3d3.4s2"       | "5"   |
| ae:Vanadium      | "23"   | "1.63"            | "50.9415"   | "[Ar].3d3.4s2"       | "5"   |
| ae:Chromium      | "24"   | "1.66"            | "51.9961"   | "[Ar].3d5.4s1"       | "6"   |
| ae:Cr            | "24"   | "1.66"            | "51.9961"   | "[Ar].3d5.4s1"       | "6"   |
| ae:Manganese     | "25"   | "1.55"            | "54.938046" | "[Ar].3d5.4s2"       | "7"   |
| ae:Mn            | "25"   | "1.55"            | "54.938046" | "[Ar].3d5.4s2"       | "7"   |
| ae:Fe            | "26"   | "1.83"            | "55.845"    | "[Ar].3d6.4s2"       | "8"   |
| ae:Iron          | "26"   | "1.83"            | "55.845"    | "[Ar].3d6.4s2"       | "8"   |
| ae:Co            | "27"   | "1.88"            | "58.933193" | "[Ar].3d7.4s2"       | "9"   |
| ae:Cobalt        | "27"   | "1.88"            | "58.933193" | "[Ar].3d7.4s2"       | "9"   |
| ae:Ni            | "28"   | "1.91"            | "58.6934"   | "[Ar].3d8.4s2"       | "10"  |
| ae:Nickel        | "28"   | "1.91"            | "58.6934"   | "[Ar].3d8.4s2"       | "10"  |
| ae:Copper        | "29"   | "1.9"             | "63.546"    | "[Ar].3d10.4s1"      | "11"  |
| ae:Cu            | "29"   | "1.9"             | "63.546"    | "[Ar].3d10.4s1"      | "11"  |
| ae:Zinc          | "30"   | "1.65"            | "65.409"    | "[Ar].3d10.4s2"      | "12"  |
| ae:Zn            | "30"   | "1.65"            | "65.409"    | "[Ar].3d10.4s2"      | "12"  |
| ae:Y             | "39"   | "1.22"            | "88.90585"  | "[Kr].4d1.5s2"       | "3"   |
| ae:Yttrium       | "39"   | "1.22"            | "88.90585"  | "[Kr].4d1.5s2"       | "3"   |
| ae:Zirconium     | "40"   | "1.33"            | "91.224"    | "[Kr].4d2.5s2"       | "4"   |
| ae:Zr            | "40"   | "1.33"            | "91.224"    | "[Kr].4d2.5s2"       | "4"   |
| ae:Nb            | "41"   | "1.6"             | "92.90638"  | "[Kr].4d4.5s1"       | "5"   |
| ae:Niobium       | "41"   | "1.6"             | "92.90638"  | "[Kr].4d4.5s1"       | "5"   |
| ae:Mo            | "42"   | "2.16"            | "95.94"     | "[Kr].4d5.5s1"       | "6"   |
| ae:Molybdenum    | "42"   | "2.16"            | "95.94"     | "[Kr].4d5.5s1"       | "6"   |
| ae:Tc            | "43"   | "1.9"             | "98.0"      | "[Kr].4d5.5s2"       | "7"   |
| ae:Technetium    | "43"   | "1.9"             | "98.0"      | "[Kr].4d5.5s2"       | "7"   |
| ae:Ru            | "44"   | "2.2"             | "101.07"    | "[Kr].4d7.5s1"       | "8"   |
| ae:Ruthenium     | "44"   | "2.2"             | "101.07"    | "[Kr].4d7.5s1"       | "8"   |
| ae:Rh            | "45"   | "2.28"            | "102.9055"  | "[Kr].4d8.5s1"       | "9"   |
| ae:Rhodium       | "45"   | "2.28"            | "102.9055"  | "[Kr].4d8.5s1"       | "9"   |
| ae:Palladium     | "46"   | "2.2"             | "106.42"    | "[Kr].4d10"          | "10"  |
| ae:Pd            | "46"   | "2.2"             | "106.42"    | "[Kr].4d10"          | "10"  |
| ae:Ag            | "47"   | "1.93"            | "107.8682"  | "[Kr].4d10.5s1"      | "11"  |
| ae:Silver        | "47"   | "1.93"            | "107.8682"  | "[Kr].4d10.5s1"      | "11"  |
| ae:Cadmium       | "48"   | "1.69"            | "112.411"   | "[Kr].4d10.5s2"      | "12"  |
| ae:Cd            | "48"   | "1.69"            | "112.411"   | "[Kr].4d10.5s2"      | "12"  |
| ae:La            | "57"   | "1.1"             | "138.90547" | "[Xe].5d1.6s2"       | "3"   |
| ae:Lanthanum     | "57"   | "1.1"             | "138.90547" | "[Xe].5d1.6s2"       | "3"   |
| ae:Hafnium       | "72"   | "1.3"             | "178.49"    | "[Xe].4f14.5d2.6s2"  | "4"   |
| ae:Hf            | "72"   | "1.3"             | "178.49"    | "[Xe].4f14.5d2.6s2"  | "4"   |
| ae:Ta            | "73"   | "1.5"             | "180.94788" | "[Xe].4f14.5d3.6s2"  | "5"   |
| ae:Tantalum      | "73"   | "1.5"             | "180.94788" | "[Xe].4f14.5d3.6s2"  | "5"   |
| ae:Tungsten      | "74"   | "2.36"            | "183.84"    | "[Xe].4f14.5d4.6s2"  | "6"   |
| ae:W             | "74"   | "2.36"            | "183.84"    | "[Xe].4f14.5d4.6s2"  | "6"   |
| ae:Re            | "75"   | "1.9"             | "186.207"   | "[Xe].4f14.5d5.6s2"  | "7"   |
| ae:Rhenium       | "75"   | "1.9"             | "186.207"   | "[Xe].4f14.5d5.6s2"  | "7"   |
| ae:Os            | "76"   | "2.2"             | "190.23"    | "[Xe].4f14.5d6.6s2"  | "8"   |
| ae:Osmium        | "76"   | "2.2"             | "190.23"    | "[Xe].4f14.5d6.6s2"  | "8"   |
| ae:Ir            | "77"   | "2.2"             | "192.217"   | "[Xe].4f14.5d7.6s2"  | "9"   |
| ae:Iridium       | "77"   | "2.2"             | "192.217"   | "[Xe].4f14.5d7.6s2"  | "9"   |
| ae:Platinum      | "78"   | "2.28"            | "195.084"   | "[Xe].4f14.5d9.6s1"  | "10"  |
| ae:Pt            | "78"   | "2.28"            | "195.084"   | "[Xe].4f14.5d9.6s1"  | "10"  |
| ae:Au            | "79"   | "2.54"            | "196.96657" | "[Xe].4f14.5d10.6s1" | "11"  |
| ae:Gold          | "79"   | "2.54"            | "196.96657" | "[Xe].4f14.5d10.6s1" | "11"  |
| ae:Hg            | "80"   | "2.0"             | "200.59"    | "[Xe].4f14.5d10.6s2" | "12"  |
| ae:Mercury       | "80"   | "2.0"             | "200.59"    | "[Xe].4f14.5d10.6s2" | "12"  |
| ae:Ac            | "89"   | "1.1"             | "227.0"     | "[Rn].6d1.7s2"       | "3"   |
| ae:Actinium      | "89"   | "1.1"             | "227.0"     | "[Rn].6d1.7s2"       | "3"   |
| ae:Rf            | "104"  |                   | "267.0"     |                      | "4"   |
| ae:Rutherfordium | "104"  |                   | "267.0"     |                      | "4"   |
| ae:Db            | "105"  |                   | "268.0"     |                      | "5"   |
| ae:Dubnium       | "105"  |                   | "268.0"     |                      | "5"   |
| ae:Seaborgium    | "106"  |                   | "269.0"     |                      | "6"   |
| ae:Sg            | "106"  |                   | "269.0"     |                      | "6"   |
| ae:Bh            | "107"  |                   | "270.0"     |                      | "7"   |
| ae:Bohrium       | "107"  |                   | "270.0"     |                      | "7"   |
----------------------------------------------------------------------------------------------
